<?xml version="1.0" encoding="UTF-8"?>
<!-- Generated by org.testng.reporters.JUnitXMLReporter -->
<testsuite ignored="2" hostname="User" failures="2" tests="3" name="Test" time="0.103" errors="0" timestamp="2021-02-07T20:58:30 EST">
  <testcase classname="testNG.AssertionConcept" name="clickSignOnLink" time="0.016">
    <failure type="java.lang.NullPointerException" message="Cannot invoke &amp;quot;org.openqa.selenium.WebDriver.findElement(org.openqa.selenium.By)&amp;quot; because &amp;quot;this.driver&amp;quot; is null">
      <![CDATA[java.lang.NullPointerException: Cannot invoke "org.openqa.selenium.WebDriver.findElement(org.openqa.selenium.By)" because "this.driver" is null
at testNG.AssertionConcept.clickSignOnLink(AssertionConcept.java:50)
at java.base/java.util.ArrayList.forEach(ArrayList.java:1511)
... Removed 27 stack frames]]>
    </failure>
  </testcase> <!-- clickSignOnLink -->
  <testcase classname="testNG.AssertionConcept" name="submitBtnEnableAfterCredentials" time="0.003">
    <failure type="java.lang.NullPointerException" message="Cannot invoke &amp;quot;org.openqa.selenium.WebDriver.findElement(org.openqa.selenium.By)&amp;quot; because &amp;quot;this.driver&amp;quot; is null">
      <![CDATA[java.lang.NullPointerException: Cannot invoke "org.openqa.selenium.WebDriver.findElement(org.openqa.selenium.By)" because "this.driver" is null
at testNG.AssertionConcept.submitBtnEnableAfterCredentials(AssertionConcept.java:88)
at java.base/java.util.ArrayList.forEach(ArrayList.java:1511)
... Removed 27 stack frames]]>
    </failure>
  </testcase> <!-- submitBtnEnableAfterCredentials -->
  <testcase classname="testNG.AssertionConcept" name="submitBtnEnable" time="0.0">
    <skipped/>
  </testcase> <!-- submitBtnEnable -->
  <testcase classname="testNG.AssertionConcept" name="clickSupportLink" time="0.0">
    <ignored/>
  </testcase> <!-- clickSupportLink -->
  <testcase classname="testNG.AssertionConcept" name="clickRegisterLink" time="0.0">
    <ignored/>
  </testcase> <!-- clickRegisterLink -->
</testsuite> <!-- Test -->
